2021-10-22 12:47:19.220173 CDT | log directory: ./sample_usage_log/custom-experiment/custom_experiment_Harshas-MacBook-Pro_2021_10_22_12_47_19_95273_0
2021-10-22 12:47:19.220368 CDT | Variant:
2021-10-22 12:47:19.220551 CDT | {
  "exp_prefix": "custom_experiment",
  "algorithm": "baseline",
  "domain": "gridworld",
  "batch_size": 5,
  "learning_rate": 0.02
}
2021-10-22 12:47:19.220903 CDT | Starting Experiment
2021-10-22 12:47:19.221029 CDT | Started iteration 0
2021-10-22 12:47:24.225852 CDT | -------------  -------
2021-10-22 12:47:24.226072 CDT | mse            0
2021-10-22 12:47:24.226202 CDT | iteration      0
2021-10-22 12:47:24.226322 CDT | sample size    0
2021-10-22 12:47:24.226439 CDT | training time  3.3e-05
2021-10-22 12:47:24.226555 CDT | -------------  -------
2021-10-22 12:47:24.226824 CDT | Started iteration 1
2021-10-22 12:47:29.230046 CDT | -------------  --------
2021-10-22 12:47:29.230413 CDT | mse             0.0001
2021-10-22 12:47:29.230630 CDT | iteration       1
2021-10-22 12:47:29.230778 CDT | sample size    10
2021-10-22 12:47:29.230924 CDT | training time   3.3e-05
2021-10-22 12:47:29.231067 CDT | -------------  --------
2021-10-22 12:47:29.231278 CDT | Started iteration 2
2021-10-22 12:47:34.236819 CDT | -------------  --------
2021-10-22 12:47:34.237221 CDT | mse             0.0002
2021-10-22 12:47:34.237436 CDT | iteration       2
2021-10-22 12:47:34.237593 CDT | sample size    20
2021-10-22 12:47:34.237746 CDT | training time   3.2e-05
2021-10-22 12:47:34.237897 CDT | -------------  --------
2021-10-22 12:47:34.238116 CDT | Started iteration 3
2021-10-22 12:47:39.241524 CDT | -------------  --------
2021-10-22 12:47:39.241762 CDT | mse             0.0003
2021-10-22 12:47:39.241925 CDT | iteration       3
2021-10-22 12:47:39.242081 CDT | sample size    30
2021-10-22 12:47:39.242228 CDT | training time   3.3e-05
2021-10-22 12:47:39.242420 CDT | -------------  --------
2021-10-22 12:47:39.242638 CDT | Started iteration 4
2021-10-22 12:47:44.243114 CDT | -------------  --------
2021-10-22 12:47:44.243277 CDT | mse             0.0004
2021-10-22 12:47:44.243359 CDT | iteration       4
2021-10-22 12:47:44.243434 CDT | sample size    40
2021-10-22 12:47:44.243508 CDT | training time   1.7e-05
2021-10-22 12:47:44.243581 CDT | -------------  --------
2021-10-22 12:47:44.243690 CDT | Ending Experiment
