2022-01-07 16:05:26.270730 CST | log directory: ./sample_usage_log/custom-experiment/custom_experiment_Harshas-MacBook-Pro_2022_01_07_16_05_26_52887_0
2022-01-07 16:05:26.270980 CST | Variant:
2022-01-07 16:05:26.271206 CST | {
  "exp_prefix": "custom_experiment",
  "algorithm": "baseline",
  "domain": "gridworld",
  "batch_size": 5,
  "learning_rate": 0.02
}
2022-01-07 16:05:26.271588 CST | Starting Experiment
2022-01-07 16:05:26.271727 CST | Started iteration 0
2022-01-07 16:05:31.277804 CST | -------------  -------
2022-01-07 16:05:31.278065 CST | mse            0
2022-01-07 16:05:31.278259 CST | iteration      0
2022-01-07 16:05:31.278444 CST | sample size    0
2022-01-07 16:05:31.278622 CST | training time  3.3e-05
2022-01-07 16:05:31.278800 CST | -------------  -------
2022-01-07 16:05:31.279216 CST | Started iteration 1
2022-01-07 16:05:36.282842 CST | -------------  --------
2022-01-07 16:05:36.283130 CST | mse             0.0001
2022-01-07 16:05:36.283323 CST | iteration       1
2022-01-07 16:05:36.283505 CST | sample size    10
2022-01-07 16:05:36.283683 CST | training time   3.2e-05
2022-01-07 16:05:36.283869 CST | -------------  --------
2022-01-07 16:05:36.284063 CST | Started iteration 2
2022-01-07 16:05:41.290493 CST | -------------  --------
2022-01-07 16:05:41.290741 CST | mse             0.0002
2022-01-07 16:05:41.290930 CST | iteration       2
2022-01-07 16:05:41.291111 CST | sample size    20
2022-01-07 16:05:41.291287 CST | training time   3.7e-05
2022-01-07 16:05:41.291462 CST | -------------  --------
2022-01-07 16:05:41.291713 CST | Started iteration 3
2022-01-07 16:05:46.297198 CST | -------------  --------
2022-01-07 16:05:46.297448 CST | mse             0.0003
2022-01-07 16:05:46.297642 CST | iteration       3
2022-01-07 16:05:46.297825 CST | sample size    30
2022-01-07 16:05:46.298004 CST | training time   3.5e-05
2022-01-07 16:05:46.298181 CST | -------------  --------
2022-01-07 16:05:46.298438 CST | Started iteration 4
2022-01-07 16:05:51.303278 CST | -------------  --------
2022-01-07 16:05:51.303532 CST | mse             0.0004
2022-01-07 16:05:51.303719 CST | iteration       4
2022-01-07 16:05:51.303896 CST | sample size    40
2022-01-07 16:05:51.304071 CST | training time   3.6e-05
2022-01-07 16:05:51.304243 CST | -------------  --------
2022-01-07 16:05:51.304791 CST | Ending Experiment
